<?xml version="1.0" encoding="UTF-8"?>
<!-- Generated by org.testng.reporters.JUnitReportReporter -->
<testsuite hostname="LPT-429" failures="0" tests="2" name="Udemy_maven.udemy_java_maven.appium_demo" time="0.021" errors="0" timestamp="11 May 2021 14:48:17 GMT" skipped="0">
  <testcase classname="Udemy_maven.udemy_java_maven.appium_demo" name="demo" time="0.018"/>
  <testcase classname="Udemy_maven.udemy_java_maven.appium_demo" name="demo1" time="0.003"/>
</testsuite> <!-- Udemy_maven.udemy_java_maven.appium_demo -->
