<?xml version="1.0" encoding="UTF-8"?>
<!-- Generated by org.testng.reporters.JUnitReportReporter -->
<testsuite hostname="LPT-429" failures="0" tests="2" name="Udemy_maven.udemy_java_maven.restapi_test" time="0.005" errors="0" timestamp="12 May 2021 05:35:58 GMT" skipped="0">
  <testcase classname="Udemy_maven.udemy_java_maven.restapi_test" name="demo1" time="0.003"/>
  <testcase classname="Udemy_maven.udemy_java_maven.restapi_test" name="demo" time="0.002"/>
</testsuite> <!-- Udemy_maven.udemy_java_maven.restapi_test -->
