<?xml version="1.0" encoding="UTF-8"?>
<!-- Generated by org.testng.reporters.JUnitReportReporter -->
<testsuite hostname="LPT-429" failures="0" tests="2" name="Udemy_maven.udemy_java_maven.restapi_test" time="0.002" errors="0" timestamp="2021-05-12T12:55:18 IST" skipped="0">
  <testcase classname="Udemy_maven.udemy_java_maven.restapi_test" name="demo1" time="0.001"/>
  <system-out/>
  <testcase classname="Udemy_maven.udemy_java_maven.restapi_test" name="demo" time="0.001"/>
  <system-out/>
</testsuite> <!-- Udemy_maven.udemy_java_maven.restapi_test -->
